=== VERIFICACIÓN DE ENLACES ROTOS - 2025-08-01 03:26:02 UTC ===

🌐 Dominio verificado: https://chakielroms.com
📅 Fecha de verificación: 2025-08-01 03:26:02 UTC

=== ANÁLISIS DE ARCHIVOS HTML LOCALES ===
📄 Archivos HTML encontrados:
./dmca/index.html
./ps3/index.html
./gamecube/index.html
./wiiu/dmca/index.html
./wiiu/index.html
./sudachi/index.html
./index.html
./android/index.html
./wii/index.html
./3ds/index.html
./ps4/index.html
./ps2/index.html
./psvita/index.html
./pc/index.html

🔍 Analizando: ./dmca/index.html
  📎 Enlaces href encontrados:
    - https://raw.githubusercontent.com/Chakielzero/Chakielroms/main/assets/icons/favicon.ico
    - https://www.chakielroms.com/
    - https://chakielroms.vercel.app/
    - https://chakielroms.vercel.app/
    - https://www.chakielroms.com/dmca
    - https://www.chakielroms.com/
    - mailto:infochakielzero@gmail.com
    - https://chakielroms.vercel.app/
    - https://chakielroms.vercel.app/
    - https://www.chakielroms.com/
    - https://www.chakielroms.com/

🔍 Analizando: ./ps3/index.html
  📎 Enlaces href encontrados:
    - http://chakielroms.com/ps3/
    - assets/icons/icon.png
    - /site.webmanifest
    - assets/icons/favicon.ico
    - assets/css/dark.css
    - assets/css/css.css
    - https://fonts.googleapis.com/css2?family=Press+Start+2P&display=swap
    - https://www.youtube.com/@ChakielZero
    - https://www.tiktok.com/@chakielzero
    - https://www.instagram.com/gerardo.bricenoo/
    - https://www.chakielemuladores.com/
    - https://chakielroms.com
    - https://youtube.com/shorts/2m-sf_1oz9o?si=_7jnDIUxUeWeH5ev
    - https://chakielroms.com/dmca
  🖼️ Enlaces src encontrados:
    - images.jpeg
    - chakiel.png
    - assets/icons/youtube.png
    - assets/icons/tiktok.png
    - assets/icons/instagram.png
    - assets/icons/chakiel.png
    - https://cdn.jsdelivr.net/gh/Chakielzero/images@main/assets/js/game.js
    - assets/js/listas.js

🔍 Analizando: ./gamecube/index.html
  📎 Enlaces href encontrados:
    - http://chakielroms.com/gamecube/
    - assets/icons/icon.png
    - /site.webmanifest
    - assets/icons/favicon.ico
    - assets/css/dark.css
    - assets/css/css.css
    - https://fonts.googleapis.com/css2?family=Press+Start+2P&display=swap
    - https://www.youtube.com/@ChakielZero
    - https://www.tiktok.com/@chakielzero
    - https://www.instagram.com/gerardo.bricenoo/
    - https://www.chakielemuladores.com/
    - https://chakielroms.com
    - https://youtube.com/shorts/2m-sf_1oz9o?si=_7jnDIUxUeWeH5ev
    - https://chakielroms.com/dmca
  🖼️ Enlaces src encontrados:
    - images.jpeg
    - chakiel.png
    - assets/icons/youtube.png
    - assets/icons/tiktok.png
    - assets/icons/instagram.png
    - assets/icons/chakiel.png
    - https://cdn.jsdelivr.net/gh/Chakielzero/images@main/assets/js/game.js
    - assets/js/listas.js

🔍 Analizando: ./wiiu/dmca/index.html
  📎 Enlaces href encontrados:
    - https://raw.githubusercontent.com/Chakielzero/Chakielroms/main/assets/icons/favicon.ico
    - https://www.chakielroms.com/
    - https://chakielroms.vercel.app/
    - https://chakielroms.vercel.app/
    - https://www.chakielroms.com/dmca
    - https://www.chakielroms.com/
    - mailto:infochakielzero@gmail.com
    - https://chakielroms.vercel.app/
    - https://chakielroms.vercel.app/
    - https://www.chakielroms.com/
    - https://www.chakielroms.com/

🔍 Analizando: ./wiiu/index.html
  📎 Enlaces href encontrados:
    - http://chakielroms.com/wiiu/
    - assets/icons/icon.png
    - /site.webmanifest
    - assets/icons/favicon.ico
    - assets/css/dark.css
    - assets/css/css.css
    - https://fonts.googleapis.com/css2?family=Press+Start+2P&display=swap
    - https://www.youtube.com/@ChakielZero
    - https://www.tiktok.com/@chakielzero
    - https://www.instagram.com/gerardo.bricenoo/
    - https://www.chakielemuladores.com/
    - https://chakielroms.com
    - https://youtube.com/shorts/2m-sf_1oz9o?si=_7jnDIUxUeWeH5ev
    - https://chakielroms.com/dmca
    - LINK_AQUI
    - LINK_AQUI
    - LINK_AQUI
    - LINK_AQUI
  🖼️ Enlaces src encontrados:
    - assets/img/images.jpeg
    - chakiel.png
    - assets/icons/youtube.png
    - assets/icons/tiktok.png
    - assets/icons/instagram.png
    - assets/icons/chakiel.png
    - assets/icons/youtube.png
    - assets/icons/discord.png
    - assets/icons/telegram.png
    - assets/icons/tiktok.png
    - https://cdn.jsdelivr.net/gh/Chakielzero/images@main/assets/js/game.js
    - assets/js/listas.js

🔍 Analizando: ./sudachi/index.html
  📎 Enlaces href encontrados:
    - http://chakielroms.com/sudachi/
    - assets/icons/icon.png
    - /site.webmanifest
    - assets/icons/favicon.ico
    - assets/css/dark.css
    - assets/css/css.css
    - https://fonts.googleapis.com/css2?family=Press+Start+2P&display=swap
    - https://www.youtube.com/@ChakielZero
    - https://www.tiktok.com/@chakielzero
    - https://www.instagram.com/gerardo.bricenoo/
    - https://www.chakielemuladores.com/
    - https://chakielroms.com
    - https://youtube.com/shorts/2m-sf_1oz9o?si=_7jnDIUxUeWeH5ev
    - https://chakielroms.com/dmca
  🖼️ Enlaces src encontrados:
    - images.jpeg
    - chakiel.png
    - assets/icons/youtube.png
    - assets/icons/tiktok.png
    - assets/icons/instagram.png
    - assets/icons/chakiel.png
    - https://cdn.jsdelivr.net/gh/Chakielzero/images@main/assets/js/game.js
    - assets/js/listas.js

🔍 Analizando: ./index.html
  📎 Enlaces href encontrados:
    - https://www.chakielroms.com
    - assets/icons/icon.png
    - /site.webmanifest
    - assets/icons/favicon.ico
    - https://fonts.googleapis.com/css2?family=Press+Start+2P&display=swap
    - android/
    - https://www.chakielemuladores.com/2024/08/winlator-glibc-emulador-pc-en-android.html
    - pc/
    - https://www.chakielemuladores.com/2024/04/el-mejor-emulador-de-gamecube-y-wii.html
    - gamecube/
    - https://www.chakielemuladores.com/2024/04/el-mejor-emulador-de-gamecube-y-wii.html
    - wii/
    - https://www.chakielemuladores.com/2024/08/5-mejores-emuladores-de-3ds-en-android.html
    - 3ds/
    - https://www.chakielemuladores.com/2024/07/cemu-en-android-emulador-de-wii-u.html
    - wiiu/
    - https://www.chakielemuladores.com/2024/04/yuzu-ultima-version-android.html
    - sudachi/
    - https://www.chakielemuladores.com/2024/08/5-mejores-emuladores-de-ps1-en-android.html
    - https://nephobox.com/s/1g4AI4GgSAjvVewKkW7BJiw
    - https://www.chakielemuladores.com/2024/04/emulador-nethersx2-18-android.html
    - ps2/
    - https://www.chakielemuladores.com/2025/02/nuevo-emulador-aps3e-ps3-android-apk.html
    - ps3/
    - https://www.chakielemuladores.com/2024/08/shadps4-emulador-ps4-en-pc.html
    - ps4/
    - https://www.chakielemuladores.com/2024/04/descargar-archivo-body-font-family_60.html
    - https://nephobox.com/s/1AUyYUg5ozQsB-TRY0XFCAA
    - https://www.chakielemuladores.com/2024/04/limonade-vs-citra-oficial-en-android.html
    - psvita/
    - https://www.chakielemuladores.com/2024/04/mejor-emulador-de-nes-para-android.html
    - https://nephobox.com/s/1isURnzG9vNQ1PVswZ3PgBQ
    - https://www.chakielemuladores.com/2024/04/snes9x-emulador-de-snes-android.html
    - https://nephobox.com/s/1SyQFJnYmXBlDlyKXwAGEBQ
    - https://www.chakielemuladores.com/2024/04/el-mejor-emulador-de-virtual-boy-para.html
    - https://nephobox.com/s/1T29F0wz4G5naDK3dS6AMmg
    - https://www.chakielemuladores.com/2024/04/m64plus-fz-pro-mejor-emulador-de.html
    - https://nephobox.com/s/12nuDy8Jz7gC6wMf4_bm77Q
    - https://www.chakielemuladores.com/2024/10/lemuroid-mejor-multiemulador-android-apk.html
    - https://nephobox.com/s/1vbVhN5cwuVrjZuQ8mo4dmA
    - https://www.chakielemuladores.com/2024/04/pizza-boy-gba.html
    - https://nephobox.com/s/18VB1HawTJSZiE40r7ruvDQ
    - https://www.chakielemuladores.com/2024/08/5-mejores-emuladores-de-ds-android.html
    - https://nephobox.com/s/1lw2ssxgQEK3IyF2YXes19Q
    - https://www.chakielemuladores.com/2024/07/coleccion-consolas-sega-android.html
    - https://nephobox.com/s/13AhsyYidn5NAlUi0cbbMeA
    - https://www.chakielemuladores.com/2024/07/coleccion-consolas-sega-android.html
    - https://nephobox.com/s/1rDHYd5NpwVwE1nd98EQHow
    - https://www.chakielemuladores.com/2024/07/coleccion-consolas-sega-android.html
    - https://nephobox.com/s/1fi55fb2OinimybVOven-hA
    - https://www.chakielemuladores.com/2024/07/coleccion-consolas-sega-android.html
    - https://nephobox.com/s/1yZiB0kySt-pbWvp6PRgH6A
    - https://www.chakielemuladores.com/2024/04/yaba-sanshiro-2-sega-saturn-emulator.html
    - https://nephobox.com/s/1pE8zyap9qUjKV1oj8502Xg
    - https://www.chakielemuladores.com/2024/04/2600emu-emulador-atari-2600-para-android.html
    - https://nephobox.com/s/1LYY_Pjh3Jgica1eYYRCV0A
    - https://discord.com/invite/E6mP9DHYNH
    - https://www.tiktok.com/@chakielzero
    - https://www.youtube.com/@ChakielZero
    - https://t.me/ChakielZero
  🖼️ Enlaces src encontrados:
    - https://cdn.jsdelivr.net/gh/Chakielzero/imagenes@main/in.webp
    - https://cdn.jsdelivr.net/gh/Chakielzero/imagenes@main/desktop.webp
    - https://cdn.jsdelivr.net/gh/Chakielzero/imagenes@main/android.webp
    - https://cdn.jsdelivr.net/gh/Chakielzero/imagenes@main/pc.webp
    - https://cdn.jsdelivr.net/gh/Chakielzero/imagenes@main/gamecube.webp
    - https://cdn.jsdelivr.net/gh/Chakielzero/imagenes@main/wii.webp
    - https://cdn.jsdelivr.net/gh/Chakielzero/imagenes@main/3ds.webp
    - https://cdn.jsdelivr.net/gh/Chakielzero/imagenes@main/system1.webp
    - https://cdn.jsdelivr.net/gh/Chakielzero/imagenes@main/system2.webp
    - https://cdn.jsdelivr.net/gh/Chakielzero/imagenes@main/ps1.webp
    - https://cdn.jsdelivr.net/gh/Chakielzero/imagenes@main/ps2.webp
    - https://cdn.jsdelivr.net/gh/Chakielzero/imagenes@main/ps3.webp
    - https://cdn.jsdelivr.net/gh/Chakielzero/imagenes@main/ps4.webp
    - https://cdn.jsdelivr.net/gh/Chakielzero/imagenes@main/psp.webp
    - https://cdn.jsdelivr.net/gh/Chakielzero/imagenes@main/psvita.webp
    - https://cdn.jsdelivr.net/gh/Chakielzero/imagenes@main/nes.webp
    - https://cdn.jsdelivr.net/gh/Chakielzero/imagenes@main/snes.webp
    - https://cdn.jsdelivr.net/gh/Chakielzero/imagenes@main/virtualboy.webp
    - https://cdn.jsdelivr.net/gh/Chakielzero/imagenes@main/n64.webp
    - https://cdn.jsdelivr.net/gh/Chakielzero/imagenes@main/gbc.webp
    - https://cdn.jsdelivr.net/gh/Chakielzero/imagenes@main/gba.webp
    - https://cdn.jsdelivr.net/gh/Chakielzero/imagenes@main/nds.webp
    - https://cdn.jsdelivr.net/gh/Chakielzero/imagenes@main/sg1000.webp
    - https://cdn.jsdelivr.net/gh/Chakielzero/imagenes@main/Mastersystem.webp
    - https://cdn.jsdelivr.net/gh/Chakielzero/imagenes@main/genesis.webp
    - https://cdn.jsdelivr.net/gh/Chakielzero/imagenes@main/gamegear.webp
    - https://cdn.jsdelivr.net/gh/Chakielzero/imagenes@main/saturn.webp
    - https://cdn.jsdelivr.net/gh/Chakielzero/imagenes@main/atari-2600.webp
    - https://www.youtube.com/embed/jeZ5PA8Q354?si=h3dv1IBfsi2dAwr_
    - https://img.youtube.com/vi/6kMG-12_eJI/hqdefault.jpg
    - https://img.youtube.com/vi/_G6ymAKkaMU/hqdefault.jpg
    - https://img.youtube.com/vi/hlGHMalTHYE/hqdefault.jpg
    - https://img.youtube.com/vi/a8pCkHRaWmM/hqdefault.jpg
    - https://img.youtube.com/vi/2a72AwpBhtg/hqdefault.jpg
    - https://img.youtube.com/vi/2xoVqO_CUBU/hqdefault.jpg
    - https://img.youtube.com/vi/DusRizH_xwE/hqdefault.jpg
    - https://img.youtube.com/vi/cvxW4imAXDA/hqdefault.jpg
    - https://cdn.jsdelivr.net/gh/Chakielzero/imagenes@main/discord.webp
    - https://cdn.jsdelivr.net/gh/Chakielzero/imagenes@main/tiktok.webp
    - https://cdn.jsdelivr.net/gh/Chakielzero/imagenes@main/youtube.webp
    - https://cdn.jsdelivr.net/gh/Chakielzero/imagenes@main/telegram.webp

🔍 Analizando: ./android/index.html
  📎 Enlaces href encontrados:
    - http://chakielroms.com/android/
    - assets/icons/icon.png
    - /site.webmanifest
    - assets/icons/favicon.ico
    - assets/css/dark.css
    - assets/css/css.css
    - https://fonts.googleapis.com/css2?family=Press+Start+2P&display=swap
    - https://www.youtube.com/@ChakielZero
    - https://www.tiktok.com/@chakielzero
    - https://www.instagram.com/gerardo.bricenoo/
    - https://www.chakielemuladores.com/
    - https://chakielroms.com
    - https://youtube.com/shorts/2m-sf_1oz9o?si=_7jnDIUxUeWeH5ev
    - https://chakielroms.com/dmca
  🖼️ Enlaces src encontrados:
    - images.jpeg
    - chakiel.png
    - assets/icons/youtube.png
    - assets/icons/tiktok.png
    - assets/icons/instagram.png
    - assets/icons/chakiel.png
    - https://cdn.jsdelivr.net/gh/Chakielzero/images@main/assets/js/game.js
    - assets/js/listas.js

🔍 Analizando: ./wii/index.html
  📎 Enlaces href encontrados:
    - http://chakielroms.com/wii/
    - assets/icons/icon.png
    - /site.webmanifest
    - assets/icons/favicon.ico
    - assets/css/dark.css
    - assets/css/css.css
    - https://fonts.googleapis.com/css2?family=Press+Start+2P&display=swap
    - https://www.youtube.com/@ChakielZero
    - https://www.tiktok.com/@chakielzero
    - https://www.instagram.com/gerardo.bricenoo/
    - https://www.chakielemuladores.com/
    - https://chakielroms.com
    - https://youtube.com/shorts/2m-sf_1oz9o?si=_7jnDIUxUeWeH5ev
    - https://chakielroms.com/dmca
  🖼️ Enlaces src encontrados:
    - images.jpeg
    - chakiel.png
    - assets/icons/youtube.png
    - assets/icons/tiktok.png
    - assets/icons/instagram.png
    - assets/icons/chakiel.png
    - https://cdn.jsdelivr.net/gh/Chakielzero/images@main/assets/js/game.js
    - assets/js/listas.js

🔍 Analizando: ./3ds/index.html
  📎 Enlaces href encontrados:
    - http://chakielroms.com/3ds/
    - assets/icons/icon.png
    - /site.webmanifest
    - assets/icons/favicon.ico
    - assets/css/dark.css
    - assets/css/css.css
    - https://fonts.googleapis.com/css2?family=Press+Start+2P&display=swap
    - https://www.youtube.com/@ChakielZero
    - https://www.tiktok.com/@chakielzero
    - https://www.instagram.com/gerardo.bricenoo/
    - https://www.chakielemuladores.com/
    - https://chakielroms.com
    - https://youtube.com/shorts/2m-sf_1oz9o?si=_7jnDIUxUeWeH5ev
    - https://chakielroms.com/dmca
  🖼️ Enlaces src encontrados:
    - images.jpeg
    - chakiel.png
    - assets/icons/youtube.png
    - assets/icons/tiktok.png
    - assets/icons/instagram.png
    - assets/icons/chakiel.png
    - https://cdn.jsdelivr.net/gh/Chakielzero/images@main/assets/js/game.js
    - assets/js/listas.js

🔍 Analizando: ./ps4/index.html
  📎 Enlaces href encontrados:
    - http://chakielroms.com/ps4/
    - assets/icons/icon.png
    - /site.webmanifest
    - assets/icons/favicon.ico
    - assets/css/dark.css
    - assets/css/css.css
    - https://fonts.googleapis.com/css2?family=Press+Start+2P&display=swap
    - https://www.youtube.com/@ChakielZero
    - https://www.tiktok.com/@chakielzero
    - https://www.instagram.com/gerardo.bricenoo/
    - https://www.chakielemuladores.com/
    - https://youtube.com/shorts/2m-sf_1oz9o?si=_7jnDIUxUeWeH5ev
    - https://chakielroms.com/dmca
  🖼️ Enlaces src encontrados:
    - images.jpeg
    - chakiel.png
    - assets/icons/youtube.png
    - assets/icons/tiktok.png
    - assets/icons/instagram.png
    - assets/icons/chakiel.png
    - https://cdn.jsdelivr.net/gh/Chakielzero/images@main/assets/js/game.js
    - assets/js/listas.js

🔍 Analizando: ./ps2/index.html
  📎 Enlaces href encontrados:
    - http://chakielroms.com/ps2/
    - assets/icons/icon.png
    - /site.webmanifest
    - assets/icons/favicon.ico
    - assets/css/dark.css
    - assets/css/css.css
    - https://fonts.googleapis.com/css2?family=Press+Start+2P&display=swap
    - https://www.youtube.com/@ChakielZero
    - https://www.tiktok.com/@chakielzero
    - https://www.instagram.com/gerardo.bricenoo/
    - https://www.chakielemuladores.com/
    - https://chakielroms.com
    - https://youtube.com/shorts/2m-sf_1oz9o?si=_7jnDIUxUeWeH5ev
    - https://chakielroms.com/dmca
  🖼️ Enlaces src encontrados:
    - images.jpeg
    - chakiel.png
    - assets/icons/youtube.png
    - assets/icons/tiktok.png
    - assets/icons/instagram.png
    - assets/icons/chakiel.png
    - https://cdn.jsdelivr.net/gh/Chakielzero/images@main/assets/js/game.js
    - assets/js/listas.js

🔍 Analizando: ./psvita/index.html
  📎 Enlaces href encontrados:
    - http://chakielroms.com/psvita/
    - assets/icons/icon.png
    - /site.webmanifest
    - assets/icons/favicon.ico
    - assets/css/dark.css
    - assets/css/css.css
    - https://fonts.googleapis.com/css2?family=Press+Start+2P&display=swap
    - https://www.youtube.com/@ChakielZero
    - https://www.tiktok.com/@chakielzero
    - https://www.instagram.com/gerardo.bricenoo/
    - https://www.chakielemuladores.com/
    - https://chakielroms.com
    - https://youtube.com/shorts/2m-sf_1oz9o?si=_7jnDIUxUeWeH5ev
    - https://chakielroms.com/dmca
  🖼️ Enlaces src encontrados:
    - images.jpeg
    - chakiel.png
    - assets/icons/youtube.png
    - assets/icons/tiktok.png
    - assets/icons/instagram.png
    - assets/icons/chakiel.png
    - https://cdn.jsdelivr.net/gh/Chakielzero/images@main/assets/js/game.js
    - assets/js/listas.js

🔍 Analizando: ./pc/index.html
  📎 Enlaces href encontrados:
    - http://chakielroms.com/pc/
    - assets/icons/icon.png
    - /site.webmanifest
    - assets/icons/favicon.ico
    - assets/css/dark.css
    - assets/css/css.css
    - https://fonts.googleapis.com/css2?family=Press+Start+2P&display=swap
    - https://www.youtube.com/@ChakielZero
    - https://www.tiktok.com/@chakielzero
    - https://www.instagram.com/gerardo.bricenoo/
    - https://www.chakielemuladores.com/
    - https://chakielroms.com
    - https://youtube.com/shorts/2m-sf_1oz9o?si=_7jnDIUxUeWeH5ev
    - https://chakielroms.com/dmca
  🖼️ Enlaces src encontrados:
    - images.jpeg
    - chakiel.png
    - assets/icons/youtube.png
    - assets/icons/tiktok.png
    - assets/icons/instagram.png
    - assets/icons/chakiel.png
    - https://cdn.jsdelivr.net/gh/Chakielzero/images@main/assets/js/game.js
    - assets/js/listas.js

=== VERIFICACIÓN DEL SITIO WEB EN VIVO ===
❌ El sitio web no está accesible desde: https://chakielroms.com
   Verificando alternativas...
❌ GitHub Pages también inaccesible: https://chakielzero.github.io

=== VERIFICACIÓN DE RECURSOS ESTÁTICOS ===
📄 Archivos CSS encontrados:
  - ./assets/css/dark.css
  - ./assets/css/claro.css
  - ./styles.css
  - ./ps3/assets/css/dark.css
  - ./ps3/assets/css/claro.css
  - ./gamecube/assets/css/dark.css
  - ./gamecube/assets/css/claro.css
  - ./wiiu/assets/css/dark.css
  - ./wiiu/assets/css/claro.css
  - ./sudachi/assets/css/dark.css
  - ./sudachi/assets/css/claro.css
  - ./android/assets/css/dark.css
  - ./android/assets/css/claro.css
  - ./wii/assets/css/dark.css
  - ./wii/assets/css/claro.css
  - ./3ds/assets/css/dark.css
  - ./3ds/assets/css/claro.css
  - ./ps4/assets/css/dark.css
  - ./ps4/assets/css/claro.css
  - ./ps2/assets/css/dark.css
  - ./ps2/assets/css/claro.css
  - ./psvita/assets/css/dark.css
  - ./psvita/assets/css/claro.css
  - ./pc/assets/css/dark.css
  - ./pc/assets/css/claro.css

📄 Archivos JavaScript encontrados:
  - ./assets/js/listas.js
  - ./ps3/assets/js/listas.js
  - ./gamecube/assets/js/listas.js
  - ./wiiu/assets/js/listas.js
  - ./sudachi/assets/js/listas.js
  - ./android/assets/js/listas.js
  - ./wii/assets/js/listas.js
  - ./3ds/assets/js/listas.js
  - ./ps4/assets/js/listas.js
  - ./ps2/assets/js/listas.js
  - ./psvita/assets/js/listas.js
  - ./pc/assets/js/listas.js

🖼️ Archivos de imagen encontrados:
  - ./assets/gbc.png
  - ./assets/saturn.png
  - ./assets/snes.png
  - ./assets/atari-2600.png
  - ./assets/icons/youtube.png
  - ./assets/icons/instagram.png
  - ./assets/icons/telegram.png
  - ./assets/icons/web.png
  - ./assets/icons/tiktok.png
  - ./assets/icons/icon.png
  - ./assets/icons/rd.png
  - ./assets/icons/discord.png
  - ./assets/icons/logo.png
  - ./assets/icons/gh.png
  - ./assets/icons/chakiel.png
  - ./assets/icons/tw.png
  - ./assets/n64.png
  - ./assets/Mastersystem.png
  - ./assets/gba.png
  - ./ps3/assets/icons/youtube.png
  - ./ps3/assets/icons/instagram.png
  - ./ps3/assets/icons/telegram.png
  - ./ps3/assets/icons/web.png
  - ./ps3/assets/icons/tiktok.png
  - ./ps3/assets/icons/icon.png
  - ./ps3/assets/icons/rd.png
  - ./ps3/assets/icons/discord.png
  - ./ps3/assets/icons/logo.png
  - ./ps3/assets/icons/gh.png
  - ./ps3/assets/icons/chakiel.png
  - ./ps3/assets/icons/tw.png
  - ./ps3/images.jpeg
  - ./ps3/logo.png
  - ./ps3/chakiel.png
  - ./gamecube/assets/icons/youtube.png
  - ./gamecube/assets/icons/instagram.png
  - ./gamecube/assets/icons/telegram.png
  - ./gamecube/assets/icons/web.png
  - ./gamecube/assets/icons/tiktok.png
  - ./gamecube/assets/icons/icon.png
  - ./gamecube/assets/icons/rd.png
  - ./gamecube/assets/icons/discord.png
  - ./gamecube/assets/icons/logo.png
  - ./gamecube/assets/icons/gh.png
  - ./gamecube/assets/icons/chakiel.png
  - ./gamecube/assets/icons/tw.png
  - ./gamecube/images.jpeg
  - ./gamecube/logo.png
  - ./gamecube/chakiel.png
  - ./wiiu/assets/icons/youtube.png
  - ./wiiu/assets/icons/instagram.png
  - ./wiiu/assets/icons/telegram.png
  - ./wiiu/assets/icons/web.png
  - ./wiiu/assets/icons/tiktok.png
  - ./wiiu/assets/icons/icon.png
  - ./wiiu/assets/icons/rd.png
  - ./wiiu/assets/icons/discord.png
  - ./wiiu/assets/icons/logo.png
  - ./wiiu/assets/icons/gh.png
  - ./wiiu/assets/icons/chakiel.png
  - ./wiiu/assets/icons/tw.png
  - ./wiiu/logo.png
  - ./wiiu/chakiel.png
  - ./sudachi/assets/icons/youtube.png
  - ./sudachi/assets/icons/instagram.png
  - ./sudachi/assets/icons/telegram.png
  - ./sudachi/assets/icons/web.png
  - ./sudachi/assets/icons/tiktok.png
  - ./sudachi/assets/icons/icon.png
  - ./sudachi/assets/icons/rd.png
  - ./sudachi/assets/icons/discord.png
  - ./sudachi/assets/icons/logo.png
  - ./sudachi/assets/icons/gh.png
  - ./sudachi/assets/icons/chakiel.png
  - ./sudachi/assets/icons/tw.png
  - ./sudachi/images.jpeg
  - ./sudachi/logo.png
  - ./sudachi/chakiel.png
  - ./android/assets/icons/youtube.png
  - ./android/assets/icons/instagram.png
  - ./android/assets/icons/telegram.png
  - ./android/assets/icons/web.png
  - ./android/assets/icons/tiktok.png
  - ./android/assets/icons/icon.png
  - ./android/assets/icons/rd.png
  - ./android/assets/icons/discord.png
  - ./android/assets/icons/logo.png
  - ./android/assets/icons/gh.png
  - ./android/assets/icons/chakiel.png
  - ./android/assets/icons/tw.png
  - ./android/images.jpeg
  - ./android/logo.png
  - ./android/chakiel.png
  - ./wii/assets/icons/youtube.png
  - ./wii/assets/icons/instagram.png
  - ./wii/assets/icons/telegram.png
  - ./wii/assets/icons/web.png
  - ./wii/assets/icons/tiktok.png
  - ./wii/assets/icons/icon.png
  - ./wii/assets/icons/rd.png
  - ./wii/assets/icons/discord.png
  - ./wii/assets/icons/logo.png
  - ./wii/assets/icons/gh.png
  - ./wii/assets/icons/chakiel.png
  - ./wii/assets/icons/tw.png
  - ./wii/images.jpeg
  - ./wii/logo.png
  - ./wii/chakiel.png
  - ./3ds/assets/icons/youtube.png
  - ./3ds/assets/icons/instagram.png
  - ./3ds/assets/icons/telegram.png
  - ./3ds/assets/icons/web.png
  - ./3ds/assets/icons/tiktok.png
  - ./3ds/assets/icons/icon.png
  - ./3ds/assets/icons/rd.png
  - ./3ds/assets/icons/discord.png
  - ./3ds/assets/icons/logo.png
  - ./3ds/assets/icons/gh.png
  - ./3ds/assets/icons/chakiel.png
  - ./3ds/assets/icons/tw.png
  - ./3ds/images.jpeg
  - ./3ds/logo.png
  - ./3ds/chakiel.png
  - ./ps4/assets/icons/youtube.png
  - ./ps4/assets/icons/instagram.png
  - ./ps4/assets/icons/telegram.png
  - ./ps4/assets/icons/web.png
  - ./ps4/assets/icons/tiktok.png
  - ./ps4/assets/icons/icon.png
  - ./ps4/assets/icons/rd.png
  - ./ps4/assets/icons/discord.png
  - ./ps4/assets/icons/logo.png
  - ./ps4/assets/icons/gh.png
  - ./ps4/assets/icons/chakiel.png
  - ./ps4/assets/icons/tw.png
  - ./ps4/images.jpeg
  - ./ps4/logo.png
  - ./ps4/chakiel.png
  - ./ps2/assets/icons/youtube.png
  - ./ps2/assets/icons/instagram.png
  - ./ps2/assets/icons/telegram.png
  - ./ps2/assets/icons/web.png
  - ./ps2/assets/icons/tiktok.png
  - ./ps2/assets/icons/icon.png
  - ./ps2/assets/icons/rd.png
  - ./ps2/assets/icons/discord.png
  - ./ps2/assets/icons/logo.png
  - ./ps2/assets/icons/gh.png
  - ./ps2/assets/icons/chakiel.png
  - ./ps2/assets/icons/tw.png
  - ./ps2/images.jpeg
  - ./ps2/logo.png
  - ./ps2/chakiel.png
  - ./psvita/assets/icons/youtube.png
  - ./psvita/assets/icons/instagram.png
  - ./psvita/assets/icons/telegram.png
  - ./psvita/assets/icons/web.png
  - ./psvita/assets/icons/tiktok.png
  - ./psvita/assets/icons/icon.png
  - ./psvita/assets/icons/rd.png
  - ./psvita/assets/icons/discord.png
  - ./psvita/assets/icons/logo.png
  - ./psvita/assets/icons/gh.png
  - ./psvita/assets/icons/chakiel.png
  - ./psvita/assets/icons/tw.png
  - ./psvita/images.jpeg
  - ./psvita/logo.png
  - ./psvita/chakiel.png
  - ./pc/assets/icons/youtube.png
  - ./pc/assets/icons/instagram.png
  - ./pc/assets/icons/telegram.png
  - ./pc/assets/icons/web.png
  - ./pc/assets/icons/tiktok.png
  - ./pc/assets/icons/icon.png
  - ./pc/assets/icons/rd.png
  - ./pc/assets/icons/discord.png
  - ./pc/assets/icons/logo.png
  - ./pc/assets/icons/gh.png
  - ./pc/assets/icons/chakiel.png
  - ./pc/assets/icons/tw.png
  - ./pc/images.jpeg
  - ./pc/logo.png
  - ./pc/chakiel.png

=== RESUMEN ===
📊 Estadísticas del sitio:
  - Archivos HTML: 14
  - Archivos CSS: 25
  - Archivos JS: 12
  - Archivos de imagen: 183

✅ Verificación completada: 2025-08-01 03:26:02 UTC
